app/build/intermediates/manifest_merge_blame_file/debug/manifest-merger-blame-debug-report.txt
1<?xml version="1.0" encoding="utf-8"?>
2<manifest xmlns:android="http://schemas.android.com/apk/res/android"
3    package="com.example.expensetracker"
4    android:versionCode="1"
5    android:versionName="1.0" >
6
7    <uses-sdk
8        android:minSdkVersion="21"
9        android:targetSdkVersion="34" />
10
11    <!-- Permissions -->
12    <uses-permission android:name="android.permission.INTERNET" />
12-->src/main/AndroidManifest.xml:5:5-67
12-->src/main/AndroidManifest.xml:5:22-64
13    <uses-permission android:name="android.permission.POST_NOTIFICATIONS" />
13-->src/main/AndroidManifest.xml:6:5-77
13-->src/main/AndroidManifest.xml:6:22-74
14    <uses-permission android:name="android.permission.ACCESS_NETWORK_STATE" />
14-->[com.google.firebase:firebase-messaging:24.0.0] AndroidManifest.xml:22:5-79
14-->[com.google.firebase:firebase-messaging:24.0.0] AndroidManifest.xml:22:22-76
15    <uses-permission android:name="android.permission.WAKE_LOCK" /> <!-- Required by older versions of Google Play services to create IID tokens -->
15-->[com.google.firebase:firebase-messaging:24.0.0] AndroidManifest.xml:24:5-68
15-->[com.google.firebase:firebase-messaging:24.0.0] AndroidManifest.xml:24:22-65
16    <uses-permission android:name="com.google.android.c2dm.permission.RECEIVE" />
16-->[com.google.firebase:firebase-messaging:24.0.0] AndroidManifest.xml:26:5-82
16-->[com.google.firebase:firebase-messaging:24.0.0] AndroidManifest.xml:26:22-79
17
18    <permission
18-->[androidx.core:core:1.13.0] AndroidManifest.xml:22:5-24:47
19        android:name="com.example.expensetracker.DYNAMIC_RECEIVER_NOT_EXPORTED_PERMISSION"
19-->[androidx.core:core:1.13.0] AndroidManifest.xml:23:9-81
20        android:protectionLevel="signature" />
20-->[androidx.core:core:1.13.0] AndroidManifest.xml:24:9-44
21
22    <uses-permission android:name="com.example.expensetracker.DYNAMIC_RECEIVER_NOT_EXPORTED_PERMISSION" />
22-->[androidx.core:core:1.13.0] AndroidManifest.xml:26:5-97
22-->[androidx.core:core:1.13.0] AndroidManifest.xml:26:22-94
23
24    <application
24-->src/main/AndroidManifest.xml:8:5-50:19
25        android:allowBackup="true"
25-->src/main/AndroidManifest.xml:9:9-35
26        android:appComponentFactory="androidx.core.app.CoreComponentFactory"
26-->[androidx.core:core:1.13.0] AndroidManifest.xml:28:18-86
27        android:debuggable="true"
28        android:extractNativeLibs="true"
29        android:label="Quản Lý Chi Tiêu"
29-->src/main/AndroidManifest.xml:10:9-41
30        android:supportsRtl="true"
30-->src/main/AndroidManifest.xml:12:9-35
31        android:testOnly="true"
32        android:theme="@style/Theme.ExpenseTracker" >
32-->src/main/AndroidManifest.xml:11:9-52
33
34        <!-- Firebase Messaging Service -->
35        <service
35-->src/main/AndroidManifest.xml:15:9-21:19
36            android:name="com.example.expensetracker.notification.MyFirebaseMessagingService"
36-->src/main/AndroidManifest.xml:16:13-68
37            android:exported="false" >
37-->src/main/AndroidManifest.xml:17:13-37
38            <intent-filter>
38-->src/main/AndroidManifest.xml:18:13-20:29
39                <action android:name="com.google.firebase.MESSAGING_EVENT" />
39-->src/main/AndroidManifest.xml:19:17-77
39-->src/main/AndroidManifest.xml:19:25-75
40            </intent-filter>
41        </service>
42
43        <activity
43-->src/main/AndroidManifest.xml:23:9-30:20
44            android:name="com.example.expensetracker.ui.OnboardingActivity"
44-->src/main/AndroidManifest.xml:24:13-50
45            android:exported="true" >
45-->src/main/AndroidManifest.xml:25:13-36
46            <intent-filter>
46-->src/main/AndroidManifest.xml:26:13-29:29
47                <action android:name="android.intent.action.MAIN" />
47-->src/main/AndroidManifest.xml:27:17-69
47-->src/main/AndroidManifest.xml:27:25-66
48
49                <category android:name="android.intent.category.LAUNCHER" />
49-->src/main/AndroidManifest.xml:28:17-77
49-->src/main/AndroidManifest.xml:28:27-74
50            </intent-filter>
51        </activity>
52
53        <!-- Màn hình chính -->
54        <activity
54-->src/main/AndroidManifest.xml:33:9-78
55            android:name="com.example.expensetracker.ui.MainActivity"
55-->src/main/AndroidManifest.xml:33:19-50
56            android:exported="false" />
56-->src/main/AndroidManifest.xml:33:51-75
57
58        <!-- Màn hình thêm doanh thu -->
59        <activity
59-->src/main/AndroidManifest.xml:36:9-83
60            android:name="com.example.expensetracker.ui.AddIncomeActivity"
60-->src/main/AndroidManifest.xml:36:19-55
61            android:exported="false" />
61-->src/main/AndroidManifest.xml:36:56-80
62
63        <!-- Màn hình thêm chi tiêu -->
64        <activity
64-->src/main/AndroidManifest.xml:39:9-84
65            android:name="com.example.expensetracker.ui.AddExpenseActivity"
65-->src/main/AndroidManifest.xml:39:19-56
66            android:exported="false" />
66-->src/main/AndroidManifest.xml:39:57-81
67
68        <!-- Màn hình xem thống kê -->
69        <activity
69-->src/main/AndroidManifest.xml:42:9-84
70            android:name="com.example.expensetracker.ui.StatisticsActivity"
70-->src/main/AndroidManifest.xml:42:19-56
71            android:exported="false" />
71-->src/main/AndroidManifest.xml:42:57-81
72
73        <!-- Màn hình User Info -->
74        <activity
74-->src/main/AndroidManifest.xml:45:9-82
75            android:name="com.example.expensetracker.ui.UserInfoActivity"
75-->src/main/AndroidManifest.xml:45:19-54
76            android:exported="false" />
76-->src/main/AndroidManifest.xml:45:55-79
77
78        <!-- Màn hình Login -->
79        <activity
79-->src/main/AndroidManifest.xml:48:9-78
80            android:name="com.example.expensetracker.ui.LoginActivity"
80-->src/main/AndroidManifest.xml:48:19-51
81            android:exported="false" />
81-->src/main/AndroidManifest.xml:48:52-76
82
83        <receiver
83-->[com.google.firebase:firebase-messaging:24.0.0] AndroidManifest.xml:29:9-40:20
84            android:name="com.google.firebase.iid.FirebaseInstanceIdReceiver"
84-->[com.google.firebase:firebase-messaging:24.0.0] AndroidManifest.xml:30:13-78
85            android:exported="true"
85-->[com.google.firebase:firebase-messaging:24.0.0] AndroidManifest.xml:31:13-36
86            android:permission="com.google.android.c2dm.permission.SEND" >
86-->[com.google.firebase:firebase-messaging:24.0.0] AndroidManifest.xml:32:13-73
87            <intent-filter>
87-->[com.google.firebase:firebase-messaging:24.0.0] AndroidManifest.xml:33:13-35:29
88                <action android:name="com.google.android.c2dm.intent.RECEIVE" />
88-->[com.google.firebase:firebase-messaging:24.0.0] AndroidManifest.xml:34:17-81
88-->[com.google.firebase:firebase-messaging:24.0.0] AndroidManifest.xml:34:25-78
89            </intent-filter>
90
91            <meta-data
91-->[com.google.firebase:firebase-messaging:24.0.0] AndroidManifest.xml:37:13-39:40
92                android:name="com.google.android.gms.cloudmessaging.FINISHED_AFTER_HANDLED"
92-->[com.google.firebase:firebase-messaging:24.0.0] AndroidManifest.xml:38:17-92
93                android:value="true" />
93-->[com.google.firebase:firebase-messaging:24.0.0] AndroidManifest.xml:39:17-37
94        </receiver>
95        <!--
96             FirebaseMessagingService performs security checks at runtime,
97             but set to not exported to explicitly avoid allowing another app to call it.
98        -->
99        <service
99-->[com.google.firebase:firebase-messaging:24.0.0] AndroidManifest.xml:46:9-53:19
100            android:name="com.google.firebase.messaging.FirebaseMessagingService"
100-->[com.google.firebase:firebase-messaging:24.0.0] AndroidManifest.xml:47:13-82
101            android:directBootAware="true"
101-->[com.google.firebase:firebase-messaging:24.0.0] AndroidManifest.xml:48:13-43
102            android:exported="false" >
102-->[com.google.firebase:firebase-messaging:24.0.0] AndroidManifest.xml:49:13-37
103            <intent-filter android:priority="-500" >
103-->src/main/AndroidManifest.xml:18:13-20:29
104                <action android:name="com.google.firebase.MESSAGING_EVENT" />
104-->src/main/AndroidManifest.xml:19:17-77
104-->src/main/AndroidManifest.xml:19:25-75
105            </intent-filter>
106        </service>
107        <service
107-->[com.google.firebase:firebase-messaging:24.0.0] AndroidManifest.xml:54:9-63:19
108            android:name="com.google.firebase.components.ComponentDiscoveryService"
108-->[com.google.firebase:firebase-messaging:24.0.0] AndroidManifest.xml:55:13-84
109            android:directBootAware="true"
109-->[com.google.firebase:firebase-common:21.0.0] AndroidManifest.xml:32:13-43
110            android:exported="false" >
110-->[com.google.firebase:firebase-messaging:24.0.0] AndroidManifest.xml:56:13-37
111            <meta-data
111-->[com.google.firebase:firebase-messaging:24.0.0] AndroidManifest.xml:57:13-59:85
112                android:name="com.google.firebase.components:com.google.firebase.messaging.FirebaseMessagingKtxRegistrar"
112-->[com.google.firebase:firebase-messaging:24.0.0] AndroidManifest.xml:58:17-122
113                android:value="com.google.firebase.components.ComponentRegistrar" />
113-->[com.google.firebase:firebase-messaging:24.0.0] AndroidManifest.xml:59:17-82
114            <meta-data
114-->[com.google.firebase:firebase-messaging:24.0.0] AndroidManifest.xml:60:13-62:85
115                android:name="com.google.firebase.components:com.google.firebase.messaging.FirebaseMessagingRegistrar"
115-->[com.google.firebase:firebase-messaging:24.0.0] AndroidManifest.xml:61:17-119
116                android:value="com.google.firebase.components.ComponentRegistrar" />
116-->[com.google.firebase:firebase-messaging:24.0.0] AndroidManifest.xml:62:17-82
117            <meta-data
117-->[com.google.firebase:firebase-installations:17.2.0] AndroidManifest.xml:15:13-17:85
118                android:name="com.google.firebase.components:com.google.firebase.installations.FirebaseInstallationsKtxRegistrar"
118-->[com.google.firebase:firebase-installations:17.2.0] AndroidManifest.xml:16:17-130
119                android:value="com.google.firebase.components.ComponentRegistrar" />
119-->[com.google.firebase:firebase-installations:17.2.0] AndroidManifest.xml:17:17-82
120            <meta-data
120-->[com.google.firebase:firebase-installations:17.2.0] AndroidManifest.xml:18:13-20:85
121                android:name="com.google.firebase.components:com.google.firebase.installations.FirebaseInstallationsRegistrar"
121-->[com.google.firebase:firebase-installations:17.2.0] AndroidManifest.xml:19:17-127
122                android:value="com.google.firebase.components.ComponentRegistrar" />
122-->[com.google.firebase:firebase-installations:17.2.0] AndroidManifest.xml:20:17-82
123            <meta-data
123-->[com.google.firebase:firebase-common-ktx:21.0.0] AndroidManifest.xml:12:13-14:85
124                android:name="com.google.firebase.components:com.google.firebase.ktx.FirebaseCommonLegacyRegistrar"
124-->[com.google.firebase:firebase-common-ktx:21.0.0] AndroidManifest.xml:13:17-116
125                android:value="com.google.firebase.components.ComponentRegistrar" />
125-->[com.google.firebase:firebase-common-ktx:21.0.0] AndroidManifest.xml:14:17-82
126            <meta-data
126-->[com.google.firebase:firebase-common:21.0.0] AndroidManifest.xml:35:13-37:85
127                android:name="com.google.firebase.components:com.google.firebase.FirebaseCommonKtxRegistrar"
127-->[com.google.firebase:firebase-common:21.0.0] AndroidManifest.xml:36:17-109
128                android:value="com.google.firebase.components.ComponentRegistrar" />
128-->[com.google.firebase:firebase-common:21.0.0] AndroidManifest.xml:37:17-82
129            <meta-data
129-->[com.google.firebase:firebase-datatransport:18.2.0] AndroidManifest.xml:25:13-27:85
130                android:name="com.google.firebase.components:com.google.firebase.datatransport.TransportRegistrar"
130-->[com.google.firebase:firebase-datatransport:18.2.0] AndroidManifest.xml:26:17-115
131                android:value="com.google.firebase.components.ComponentRegistrar" />
131-->[com.google.firebase:firebase-datatransport:18.2.0] AndroidManifest.xml:27:17-82
132        </service>
133
134        <activity
134-->[com.google.android.gms:play-services-base:18.0.1] AndroidManifest.xml:20:9-22:45
135            android:name="com.google.android.gms.common.api.GoogleApiActivity"
135-->[com.google.android.gms:play-services-base:18.0.1] AndroidManifest.xml:20:19-85
136            android:exported="false"
136-->[com.google.android.gms:play-services-base:18.0.1] AndroidManifest.xml:22:19-43
137            android:theme="@android:style/Theme.Translucent.NoTitleBar" />
137-->[com.google.android.gms:play-services-base:18.0.1] AndroidManifest.xml:21:19-78
138
139        <provider
139-->[com.google.firebase:firebase-common:21.0.0] AndroidManifest.xml:23:9-28:39
140            android:name="com.google.firebase.provider.FirebaseInitProvider"
140-->[com.google.firebase:firebase-common:21.0.0] AndroidManifest.xml:24:13-77
141            android:authorities="com.example.expensetracker.firebaseinitprovider"
141-->[com.google.firebase:firebase-common:21.0.0] AndroidManifest.xml:25:13-72
142            android:directBootAware="true"
142-->[com.google.firebase:firebase-common:21.0.0] AndroidManifest.xml:26:13-43
143            android:exported="false"
143-->[com.google.firebase:firebase-common:21.0.0] AndroidManifest.xml:27:13-37
144            android:initOrder="100" />
144-->[com.google.firebase:firebase-common:21.0.0] AndroidManifest.xml:28:13-36
145
146        <service
146-->[androidx.room:room-runtime:2.6.1] AndroidManifest.xml:24:9-28:63
147            android:name="androidx.room.MultiInstanceInvalidationService"
147-->[androidx.room:room-runtime:2.6.1] AndroidManifest.xml:25:13-74
148            android:directBootAware="true"
148-->[androidx.room:room-runtime:2.6.1] AndroidManifest.xml:26:13-43
149            android:exported="false" />
149-->[androidx.room:room-runtime:2.6.1] AndroidManifest.xml:27:13-37
150
151        <provider
151-->[androidx.emoji2:emoji2:1.2.0] AndroidManifest.xml:24:9-32:20
152            android:name="androidx.startup.InitializationProvider"
152-->[androidx.emoji2:emoji2:1.2.0] AndroidManifest.xml:25:13-67
153            android:authorities="com.example.expensetracker.androidx-startup"
153-->[androidx.emoji2:emoji2:1.2.0] AndroidManifest.xml:26:13-68
154            android:exported="false" >
154-->[androidx.emoji2:emoji2:1.2.0] AndroidManifest.xml:27:13-37
155            <meta-data
155-->[androidx.emoji2:emoji2:1.2.0] AndroidManifest.xml:29:13-31:52
156                android:name="androidx.emoji2.text.EmojiCompatInitializer"
156-->[androidx.emoji2:emoji2:1.2.0] AndroidManifest.xml:30:17-75
157                android:value="androidx.startup" />
157-->[androidx.emoji2:emoji2:1.2.0] AndroidManifest.xml:31:17-49
158            <meta-data
158-->[androidx.lifecycle:lifecycle-process:2.6.2] AndroidManifest.xml:29:13-31:52
159                android:name="androidx.lifecycle.ProcessLifecycleInitializer"
159-->[androidx.lifecycle:lifecycle-process:2.6.2] AndroidManifest.xml:30:17-78
160                android:value="androidx.startup" />
160-->[androidx.lifecycle:lifecycle-process:2.6.2] AndroidManifest.xml:31:17-49
161            <meta-data
161-->[androidx.profileinstaller:profileinstaller:1.3.0] AndroidManifest.xml:29:13-31:52
162                android:name="androidx.profileinstaller.ProfileInstallerInitializer"
162-->[androidx.profileinstaller:profileinstaller:1.3.0] AndroidManifest.xml:30:17-85
163                android:value="androidx.startup" />
163-->[androidx.profileinstaller:profileinstaller:1.3.0] AndroidManifest.xml:31:17-49
164        </provider>
165
166        <meta-data
166-->[com.google.android.gms:play-services-basement:18.3.0] AndroidManifest.xml:21:9-23:69
167            android:name="com.google.android.gms.version"
167-->[com.google.android.gms:play-services-basement:18.3.0] AndroidManifest.xml:22:13-58
168            android:value="@integer/google_play_services_version" />
168-->[com.google.android.gms:play-services-basement:18.3.0] AndroidManifest.xml:23:13-66
169
170        <service
170-->[com.google.android.datatransport:transport-backend-cct:3.1.9] AndroidManifest.xml:28:9-34:19
171            android:name="com.google.android.datatransport.runtime.backends.TransportBackendDiscovery"
171-->[com.google.android.datatransport:transport-backend-cct:3.1.9] AndroidManifest.xml:29:13-103
172            android:exported="false" >
172-->[com.google.android.datatransport:transport-backend-cct:3.1.9] AndroidManifest.xml:30:13-37
173            <meta-data
173-->[com.google.android.datatransport:transport-backend-cct:3.1.9] AndroidManifest.xml:31:13-33:39
174                android:name="backend:com.google.android.datatransport.cct.CctBackendFactory"
174-->[com.google.android.datatransport:transport-backend-cct:3.1.9] AndroidManifest.xml:32:17-94
175                android:value="cct" />
175-->[com.google.android.datatransport:transport-backend-cct:3.1.9] AndroidManifest.xml:33:17-36
176        </service>
177        <service
177-->[com.google.android.datatransport:transport-runtime:3.1.9] AndroidManifest.xml:26:9-30:19
178            android:name="com.google.android.datatransport.runtime.scheduling.jobscheduling.JobInfoSchedulerService"
178-->[com.google.android.datatransport:transport-runtime:3.1.9] AndroidManifest.xml:27:13-117
179            android:exported="false"
179-->[com.google.android.datatransport:transport-runtime:3.1.9] AndroidManifest.xml:28:13-37
180            android:permission="android.permission.BIND_JOB_SERVICE" >
180-->[com.google.android.datatransport:transport-runtime:3.1.9] AndroidManifest.xml:29:13-69
181        </service>
182
183        <receiver
183-->[com.google.android.datatransport:transport-runtime:3.1.9] AndroidManifest.xml:32:9-34:40
184            android:name="com.google.android.datatransport.runtime.scheduling.jobscheduling.AlarmManagerSchedulerBroadcastReceiver"
184-->[com.google.android.datatransport:transport-runtime:3.1.9] AndroidManifest.xml:33:13-132
185            android:exported="false" />
185-->[com.google.android.datatransport:transport-runtime:3.1.9] AndroidManifest.xml:34:13-37
186        <receiver
186-->[androidx.profileinstaller:profileinstaller:1.3.0] AndroidManifest.xml:34:9-52:20
187            android:name="androidx.profileinstaller.ProfileInstallReceiver"
187-->[androidx.profileinstaller:profileinstaller:1.3.0] AndroidManifest.xml:35:13-76
188            android:directBootAware="false"
188-->[androidx.profileinstaller:profileinstaller:1.3.0] AndroidManifest.xml:36:13-44
189            android:enabled="true"
189-->[androidx.profileinstaller:profileinstaller:1.3.0] AndroidManifest.xml:37:13-35
190            android:exported="true"
190-->[androidx.profileinstaller:profileinstaller:1.3.0] AndroidManifest.xml:38:13-36
191            android:permission="android.permission.DUMP" >
191-->[androidx.profileinstaller:profileinstaller:1.3.0] AndroidManifest.xml:39:13-57
192            <intent-filter>
192-->[androidx.profileinstaller:profileinstaller:1.3.0] AndroidManifest.xml:40:13-42:29
193                <action android:name="androidx.profileinstaller.action.INSTALL_PROFILE" />
193-->[androidx.profileinstaller:profileinstaller:1.3.0] AndroidManifest.xml:41:17-91
193-->[androidx.profileinstaller:profileinstaller:1.3.0] AndroidManifest.xml:41:25-88
194            </intent-filter>
195            <intent-filter>
195-->[androidx.profileinstaller:profileinstaller:1.3.0] AndroidManifest.xml:43:13-45:29
196                <action android:name="androidx.profileinstaller.action.SKIP_FILE" />
196-->[androidx.profileinstaller:profileinstaller:1.3.0] AndroidManifest.xml:44:17-85
196-->[androidx.profileinstaller:profileinstaller:1.3.0] AndroidManifest.xml:44:25-82
197            </intent-filter>
198            <intent-filter>
198-->[androidx.profileinstaller:profileinstaller:1.3.0] AndroidManifest.xml:46:13-48:29
199                <action android:name="androidx.profileinstaller.action.SAVE_PROFILE" />
199-->[androidx.profileinstaller:profileinstaller:1.3.0] AndroidManifest.xml:47:17-88
199-->[androidx.profileinstaller:profileinstaller:1.3.0] AndroidManifest.xml:47:25-85
200            </intent-filter>
201            <intent-filter>
201-->[androidx.profileinstaller:profileinstaller:1.3.0] AndroidManifest.xml:49:13-51:29
202                <action android:name="androidx.profileinstaller.action.BENCHMARK_OPERATION" />
202-->[androidx.profileinstaller:profileinstaller:1.3.0] AndroidManifest.xml:50:17-95
202-->[androidx.profileinstaller:profileinstaller:1.3.0] AndroidManifest.xml:50:25-92
203            </intent-filter>
204        </receiver>
205    </application>
206
207</manifest>